<?xml version="1.0" encoding="UTF-8"?>
<!-- Generated by org.testng.reporters.JUnitReportReporter -->
<testsuite hostname="LIN59018164" failures="0" tests="1" name="Program" time="0.006" errors="0" timestamp="2023-06-12T19:11:46 IST" skipped="0">
  <testcase classname="Program" name="foo" time="0.006"/>
  <system-out/>
</testsuite> <!-- Program -->
